[I 07:41:52.782 NotebookApp] Writing notebook server cookie secret to /run/user/1000/jupyter/notebook_cookie_secret
[I 07:41:53.641 NotebookApp] Serving notebooks from local directory: /home/ubuntu/ai/notebooks/workshops/d2d
[I 07:41:53.641 NotebookApp] 0 active kernels 
[I 07:41:53.641 NotebookApp] The Jupyter Notebook is running at: https://[all ip addresses on your system]:8888/
[I 07:41:53.641 NotebookApp] Use Control-C to stop this server and shut down all kernels (twice to skip confirmation).
[I 07:42:49.026 NotebookApp] 302 GET / (93.192.41.3) 0.63ms
[I 07:42:49.233 NotebookApp] 302 GET /tree? (93.192.41.3) 1.12ms
[I 07:42:54.866 NotebookApp] 302 POST /login?next=%2Ftree%3F (93.192.41.3) 1.16ms
[W 07:43:08.709 NotebookApp] Notebook cnn-intro.ipynb is not trusted
[I 07:43:10.592 NotebookApp] Kernel started: e3fab8a3-9eff-4b5a-a4fa-dba05e96d11f
[I 07:45:11.673 NotebookApp] Saving file at /cnn-intro.ipynb
[W 07:45:11.675 NotebookApp] Saving untrusted notebook cnn-intro.ipynb
2017-08-29 07:45:26.003728: W tensorflow/core/platform/cpu_feature_guard.cc:45] The TensorFlow library wasn't compiled to use SSE4.1 instructions, but these are available on your machine and could speed up CPU computations.
2017-08-29 07:45:26.003771: W tensorflow/core/platform/cpu_feature_guard.cc:45] The TensorFlow library wasn't compiled to use SSE4.2 instructions, but these are available on your machine and could speed up CPU computations.
2017-08-29 07:45:26.003778: W tensorflow/core/platform/cpu_feature_guard.cc:45] The TensorFlow library wasn't compiled to use AVX instructions, but these are available on your machine and could speed up CPU computations.
2017-08-29 07:45:26.003784: W tensorflow/core/platform/cpu_feature_guard.cc:45] The TensorFlow library wasn't compiled to use AVX2 instructions, but these are available on your machine and could speed up CPU computations.
2017-08-29 07:45:26.003789: W tensorflow/core/platform/cpu_feature_guard.cc:45] The TensorFlow library wasn't compiled to use FMA instructions, but these are available on your machine and could speed up CPU computations.
2017-08-29 07:45:28.516344: I tensorflow/stream_executor/cuda/cuda_gpu_executor.cc:893] successful NUMA node read from SysFS had negative value (-1), but there must be at least one NUMA node, so returning NUMA node zero
2017-08-29 07:45:28.516858: I tensorflow/core/common_runtime/gpu/gpu_device.cc:940] Found device 0 with properties: 
name: Tesla K80
major: 3 minor: 7 memoryClockRate (GHz) 0.8235
pciBusID 0000:00:1e.0
Total memory: 11.17GiB
Free memory: 11.11GiB
2017-08-29 07:45:28.516879: I tensorflow/core/common_runtime/gpu/gpu_device.cc:961] DMA: 0 
2017-08-29 07:45:28.516886: I tensorflow/core/common_runtime/gpu/gpu_device.cc:971] 0:   Y 
2017-08-29 07:45:28.516894: I tensorflow/core/common_runtime/gpu/gpu_device.cc:1030] Creating TensorFlow device (/gpu:0) -> (device: 0, name: Tesla K80, pci bus id: 0000:00:1e.0)
[I 07:47:12.383 NotebookApp] Saving file at /cnn-intro.ipynb
[I 07:49:12.524 NotebookApp] Saving file at /cnn-intro.ipynb
[I 07:51:12.657 NotebookApp] Saving file at /cnn-intro.ipynb
Starting TensorBoard b'54' at http://ip-172-31-27-122:6006
(Press CTRL+C to quit)
[I 07:53:11.013 NotebookApp] Saving file at /cnn-intro.ipynb
[I 07:55:11.176 NotebookApp] Saving file at /cnn-intro.ipynb
[I 07:57:11.128 NotebookApp] Saving file at /cnn-intro.ipynb
ERROR:tensorflow:Unable to get size of /home/ubuntu/ai/notebooks/workshops/d2d/tf_log/events.out.tfevents.1503992885.ip-172-31-27-122: /home/ubuntu/ai/notebooks/workshops/d2d/tf_log/events.out.tfevents.1503992885.ip-172-31-27-122
WARNING:tensorflow:Found more than one graph event per run, or there was a metagraph containing a graph_def, as well as one or more graph events.  Overwriting the graph with the newest event.
WARNING:tensorflow:Found more than one metagraph event per run. Overwriting the metagraph with the newest event.
[I 08:01:10.983 NotebookApp] Saving file at /cnn-intro.ipynb
[I 08:03:10.880 NotebookApp] Saving file at /cnn-intro.ipynb
[I 08:05:10.946 NotebookApp] Saving file at /cnn-intro.ipynb
[I 08:07:10.950 NotebookApp] Saving file at /cnn-intro.ipynb
[I 08:09:10.972 NotebookApp] Saving file at /cnn-intro.ipynb
[I 08:11:10.982 NotebookApp] Saving file at /cnn-intro.ipynb
[I 08:13:11.004 NotebookApp] Saving file at /cnn-intro.ipynb
[I 08:14:17.229 NotebookApp] Kernel interrupted: e3fab8a3-9eff-4b5a-a4fa-dba05e96d11f
[I 08:15:10.898 NotebookApp] Saving file at /cnn-intro.ipynb
[I 08:17:10.884 NotebookApp] Saving file at /cnn-intro.ipynb
[I 08:19:10.899 NotebookApp] Saving file at /cnn-intro.ipynb
[I 08:21:10.917 NotebookApp] Saving file at /cnn-intro.ipynb
[I 08:23:10.921 NotebookApp] Saving file at /cnn-intro.ipynb
[I 08:25:10.942 NotebookApp] Saving file at /cnn-intro.ipynb
[I 08:29:10.963 NotebookApp] Saving file at /cnn-intro.ipynb
[I 08:31:10.983 NotebookApp] Saving file at /cnn-intro.ipynb
[I 08:33:10.928 NotebookApp] Saving file at /cnn-intro.ipynb
[I 08:41:11.571 NotebookApp] Saving file at /cnn-intro.ipynb
[I 08:42:07.877 NotebookApp] Saving file at /cnn-intro.ipynb
[I 08:43:22.806 NotebookApp] Kernel shutdown: e3fab8a3-9eff-4b5a-a4fa-dba05e96d11f
[C 08:43:57.679 NotebookApp] received signal 15, stopping
[I 08:43:57.680 NotebookApp] Shutting down kernels
